<?xml version="1.0" encoding="UTF-8"?>
<robot generator="Robot 3.1.2 (Python 3.7.4 on darwin)" generated="20191027 16:35:12.632" rpa="false">
<suite id="s1" name="Workshop" source="/Users/keng/Coding/robot_framework/workshop">
<suite id="s1-s1" name="Demo Variable" source="/Users/keng/Coding/robot_framework/workshop/demo_variable.robot">
<test id="s1-s1-t1" name="Demo Scalar">
<kw name="Set Variable" library="BuiltIn">
<doc>Returns the given values which can then be assigned to a variables.</doc>
<arguments>
<arg>John</arg>
</arguments>
<assign>
<var>${username}</var>
</assign>
<msg timestamp="20191027 16:35:12.659" level="INFO">${username} = John</msg>
<status status="PASS" starttime="20191027 16:35:12.659" endtime="20191027 16:35:12.659"></status>
</kw>
<kw name="Set Variable" library="BuiltIn">
<doc>Returns the given values which can then be assigned to a variables.</doc>
<arguments>
<arg>Welcome1</arg>
</arguments>
<assign>
<var>${password}</var>
</assign>
<msg timestamp="20191027 16:35:12.660" level="INFO">${password} = Welcome1</msg>
<status status="PASS" starttime="20191027 16:35:12.659" endtime="20191027 16:35:12.660"></status>
</kw>
<kw name="Log" library="BuiltIn">
<doc>Logs the given message with the given level.</doc>
<arguments>
<arg>Hello ${username} and ${password}</arg>
</arguments>
<msg timestamp="20191027 16:35:12.660" level="INFO">Hello John and Welcome1</msg>
<status status="PASS" starttime="20191027 16:35:12.660" endtime="20191027 16:35:12.660"></status>
</kw>
<kw name="Log" library="BuiltIn">
<doc>Logs the given message with the given level.</doc>
<arguments>
<arg>Hi ${username}</arg>
</arguments>
<msg timestamp="20191027 16:35:12.660" level="INFO">Hi John</msg>
<status status="PASS" starttime="20191027 16:35:12.660" endtime="20191027 16:35:12.660"></status>
</kw>
<kw name="Set Variable" library="BuiltIn">
<doc>Returns the given values which can then be assigned to a variables.</doc>
<arguments>
<arg>Mr J</arg>
</arguments>
<assign>
<var>${nickname}</var>
</assign>
<msg timestamp="20191027 16:35:12.661" level="INFO">${nickname} = Mr J</msg>
<status status="PASS" starttime="20191027 16:35:12.661" endtime="20191027 16:35:12.661"></status>
</kw>
<doc>This test case for demo scalar
Try to set test variable</doc>
<status status="PASS" starttime="20191027 16:35:12.658" endtime="20191027 16:35:12.661" critical="yes"></status>
</test>
<test id="s1-s1-t2" name="Demo List">
<kw name="Create List" library="BuiltIn">
<doc>Returns a list containing given items.</doc>
<arguments>
<arg>Iphone 11</arg>
<arg>Android 12</arg>
<arg>Windows phone</arg>
</arguments>
<assign>
<var>@{product_names}</var>
</assign>
<msg timestamp="20191027 16:35:12.662" level="INFO">@{product_names} = [ Iphone 11 | Android 12 | Windows phone ]</msg>
<status status="PASS" starttime="20191027 16:35:12.662" endtime="20191027 16:35:12.662"></status>
</kw>
<kw name="Log Many" library="BuiltIn">
<doc>Logs the given messages as separate entries using the INFO level.</doc>
<arguments>
<arg>@{product_names}</arg>
</arguments>
<msg timestamp="20191027 16:35:12.662" level="INFO">Iphone 11</msg>
<msg timestamp="20191027 16:35:12.662" level="INFO">Android 12</msg>
<msg timestamp="20191027 16:35:12.662" level="INFO">Windows phone</msg>
<status status="PASS" starttime="20191027 16:35:12.662" endtime="20191027 16:35:12.662"></status>
</kw>
<kw name="Log" library="BuiltIn">
<doc>Logs the given message with the given level.</doc>
<arguments>
<arg>${product names[1]}</arg>
</arguments>
<msg timestamp="20191027 16:35:12.663" level="INFO">Android 12</msg>
<status status="PASS" starttime="20191027 16:35:12.662" endtime="20191027 16:35:12.663"></status>
</kw>
<status status="PASS" starttime="20191027 16:35:12.661" endtime="20191027 16:35:12.663" critical="yes"></status>
</test>
<test id="s1-s1-t3" name="Demo Dictionary">
<kw name="Create Dictionary" library="BuiltIn">
<doc>Creates and returns a dictionary based on the given ``items``.</doc>
<arguments>
<arg>username=jonh</arg>
<arg>password=welcome1</arg>
</arguments>
<assign>
<var>&amp;{user1}</var>
</assign>
<msg timestamp="20191027 16:35:12.664" level="INFO">&amp;{user1} = { username=jonh | password=welcome1 }</msg>
<status status="PASS" starttime="20191027 16:35:12.664" endtime="20191027 16:35:12.664"></status>
</kw>
<kw name="Create Dictionary" library="BuiltIn">
<doc>Creates and returns a dictionary based on the given ``items``.</doc>
<arguments>
<arg>username=mary</arg>
<arg>password=welcome2</arg>
</arguments>
<assign>
<var>&amp;{user2}</var>
</assign>
<msg timestamp="20191027 16:35:12.664" level="INFO">&amp;{user2} = { username=mary | password=welcome2 }</msg>
<status status="PASS" starttime="20191027 16:35:12.664" endtime="20191027 16:35:12.664"></status>
</kw>
<kw name="Log" library="BuiltIn">
<doc>Logs the given message with the given level.</doc>
<arguments>
<arg>${user1.username}</arg>
</arguments>
<msg timestamp="20191027 16:35:12.665" level="INFO">jonh</msg>
<status status="PASS" starttime="20191027 16:35:12.665" endtime="20191027 16:35:12.665"></status>
</kw>
<kw name="Log" library="BuiltIn">
<doc>Logs the given message with the given level.</doc>
<arguments>
<arg>${user2.password}</arg>
</arguments>
<msg timestamp="20191027 16:35:12.665" level="INFO">welcome2</msg>
<status status="PASS" starttime="20191027 16:35:12.665" endtime="20191027 16:35:12.665"></status>
</kw>
<tags>
<tag>smoke</tag>
</tags>
<status status="PASS" starttime="20191027 16:35:12.663" endtime="20191027 16:35:12.665" critical="yes"></status>
</test>
<status status="PASS" starttime="20191027 16:35:12.657" endtime="20191027 16:35:12.666"></status>
</suite>
<status status="PASS" starttime="20191027 16:35:12.635" endtime="20191027 16:35:12.666"></status>
</suite>
<statistics>
<total>
<stat pass="3" fail="0">Critical Tests</stat>
<stat pass="3" fail="0">All Tests</stat>
</total>
<tag>
<stat pass="1" fail="0">smoke</stat>
</tag>
<suite>
<stat pass="3" fail="0" id="s1" name="Workshop">Workshop</stat>
<stat pass="3" fail="0" id="s1-s1" name="Demo Variable">Workshop.Demo Variable</stat>
</suite>
</statistics>
<errors>
</errors>
</robot>
